1000111000010001000011101
1111000110010010101001011
1110000100100010100110101
1010100100010001110011000
1111010010010101011001111
0111111010001001001100110
1011000110000111001011010
1000010000010001010110001
0100011100100001110000100
1001110110010000001110010
0000000000101101000010001
1001011110010101011000010
1100011000111010110000001
1000010100010100000000100
0101111110101101011110110
0100010100101101000110000
1101101110010000101110111
0111101110100110001101010
1001000010010100001011011
0001011110001011101111110
1111111010110110111101111
0100111000100000100111101
1100110000101110000101101
1011011110101000011000011
1101001110010110011011011
1000110000010100000010001
1011100110000111111101111
1001111010010001001111010
1011111010111011111110011
1111000110101011001000110
1110111000010011110001001
1100110100001010010000100
1100011100101110100101100
1001000010010101001101111
0001001110000010011000011
0001010110010001001010011
1111110110101001101000110
1101101010110101011010010
1001011010101110111010010
1010100000101110010101000
1000001000010001010100001
1000000100010100000100101
0101010010011100111000011
1001000010101011111001010
1101101010101100011110011
1001111010010000001000011
0100100000110101000111001
0001110110010001001010011
1001000010010001001011011
1110011100001100010110101
