01011100101011110011111000111110
00101000011100001101011100010010
10011010101011011101010001011001
01000000101110010001100110110001
10011110100010000100111110010110
10111110100100001000011000011010
11110101101111110110001001100001
00010111010011010010000000110010
00111001010100010110111100110110
11000100101010100010011011111010
10111111010011001101100010100111
01101101110110001101100000000110
00000100000000111010000110111011
01101001101111000111111110000011
10100001001011010000011000101010
00011110000111101000100011100111
01110001001001101110000000001001
11101011001010111101011111001100
00110010100010111101011000100110
11000110011110010000011111001011
10000110101011111001000011101111
10011111001100100011000011011101
01010011101011101110001001000111
00101100000111011000010010010001
01000101011000110111101011101011
01101100101001100001000000000011
11001011000011111100110100110110
00101001001010001100101000010010
01100011010001011001000110011000
11000011011100100011100011000011
11010011100011010011010000000101
01110111100101101101101111100011
10010001000000100100001101100100
10101000010100001111110100011110
11101010101000101011011111001111
00111111110101100111111000111101
01100010101010000001001011111010
10111010010110101011010100100000
10101011000101011110010011010000
00100001111100011110010100111111
11111100011010001001010001100001
00001010111101001101010000111101
01001011100111011101010110010101
00100111001011000000000101001111
00010001110001010101011011100111
00011101101001010101000100101100
11010100011000100111101010000100
01011010100101011001100011111110
01011101010001111010111000011000
00001001100000100000010011001110
